# JRE version: 7.0_11-b21
# Java VM: Java HotSpot(TM) 64-Bit Server VM (23.6-b04 mixed mode windows-amd64 compressed oops)
Heap
 PSYoungGen      total 76096K, used 76096K [0x00000007aae00000, 0x00000007b18d0000, 0x0000000800000000)
  eden space 76032K, 100% used [0x00000007aae00000,0x00000007af840000,0x00000007af840000)
  from space 64K, 100% used [0x00000007b18c0000,0x00000007b18d0000,0x00000007b18d0000)
  to   space 384K, 0% used [0x00000007b1810000,0x00000007b1810000,0x00000007b1870000)
 ParOldGen       total 174336K, used 114887K [0x0000000700a00000, 0x000000070b440000, 0x00000007aae00000)
  object space 174336K, 65% used [0x0000000700a00000,0x0000000707a31f90,0x000000070b440000)
 PSPermGen       total 62720K, used 62565K [0x00000006fb800000, 0x00000006ff540000, 0x0000000700a00000)
  object space 62720K, 99% used [0x00000006fb800000,0x00000006ff5197e0,0x00000006ff540000)
GC Heap History (10 events):
Event: 6018.132 GC heap before
{Heap before GC invocations=958 (full 0):
 PSYoungGen      total 87616K, used 87584K [0x00000007aae00000, 0x00000007b19f0000, 0x0000000800000000)
  eden space 87488K, 100% used [0x00000007aae00000,0x00000007b0370000,0x00000007b0370000)
  from space 128K, 75% used [0x00000007b1900000,0x00000007b1918000,0x00000007b1920000)
  to   space 512K, 0% used [0x00000007b1970000,0x00000007b1970000,0x00000007b19f0000)
 ParOldGen       total 174336K, used 114719K [0x0000000700a00000, 0x000000070b440000, 0x00000007aae00000)
  object space 174336K, 65% used [0x0000000700a00000,0x0000000707a07f90,0x000000070b440000)
 PSPermGen       total 62720K, used 62557K [0x00000006fb800000, 0x00000006ff540000, 0x0000000700a00000)
  object space 62720K, 99% used [0x00000006fb800000,0x00000006ff517508,0x00000006ff540000)
Event: 6018.134 GC heap after
Heap after GC invocations=958 (full 0):
 PSYoungGen      total 85120K, used 96K [0x00000007aae00000, 0x00000007b1990000, 0x0000000800000000)
  eden space 84992K, 0% used [0x00000007aae00000,0x00000007aae00000,0x00000007b0100000)
  from space 128K, 75% used [0x00000007b1970000,0x00000007b1988000,0x00000007b1990000)
  to   space 448K, 0% used [0x00000007b18b0000,0x00000007b18b0000,0x00000007b1920000)
 ParOldGen       total 174336K, used 114751K [0x0000000700a00000, 0x000000070b440000, 0x00000007aae00000)
  object space 174336K, 65% used [0x0000000700a00000,0x0000000707a0ff90,0x000000070b440000)
 PSPermGen       total 62720K, used 62557K [0x00000006fb800000, 0x00000006ff540000, 0x0000000700a00000)
  object space 62720K, 99% used [0x00000006fb800000,0x00000006ff517508,0x00000006ff540000)
}
Event: 6018.314 GC heap before
{Heap before GC invocations=959 (full 0):
 PSYoungGen      total 85120K, used 85088K [0x00000007aae00000, 0x00000007b1990000, 0x0000000800000000)
  eden space 84992K, 100% used [0x00000007aae00000,0x00000007b0100000,0x00000007b0100000)
  from space 128K, 75% used [0x00000007b1970000,0x00000007b1988000,0x00000007b1990000)
  to   space 448K, 0% used [0x00000007b18b0000,0x00000007b18b0000,0x00000007b1920000)
 ParOldGen       total 174336K, used 114751K [0x0000000700a00000, 0x000000070b440000, 0x00000007aae00000)
  object space 174336K, 65% used [0x0000000700a00000,0x0000000707a0ff90,0x000000070b440000)
 PSPermGen       total 62720K, used 62557K [0x00000006fb800000, 0x00000006ff540000, 0x0000000700a00000)
  object space 62720K, 99% used [0x00000006fb800000,0x00000006ff517508,0x00000006ff540000)
Event: 6018.315 GC heap after
Heap after GC invocations=959 (full 0):
 PSYoungGen      total 82752K, used 96K [0x00000007aae00000, 0x00000007b1980000, 0x0000000800000000)
  eden space 82624K, 0% used [0x00000007aae00000,0x00000007aae00000,0x00000007afeb0000)
  from space 128K, 75% used [0x00000007b18b0000,0x00000007b18c8000,0x00000007b18d0000)
  to   space 448K, 0% used [0x00000007b1910000,0x00000007b1910000,0x00000007b1980000)
 ParOldGen       total 174336K, used 114791K [0x0000000700a00000, 0x000000070b440000, 0x00000007aae00000)
  object space 174336K, 65% used [0x0000000700a00000,0x0000000707a19f90,0x000000070b440000)
 PSPermGen       total 62720K, used 62557K [0x00000006fb800000, 0x00000006ff540000, 0x0000000700a00000)
  object space 62720K, 99% used [0x00000006fb800000,0x00000006ff517508,0x00000006ff540000)
}
Event: 6018.492 GC heap before
{Heap before GC invocations=960 (full 0):
 PSYoungGen      total 82752K, used 82720K [0x00000007aae00000, 0x00000007b1980000, 0x0000000800000000)
  eden space 82624K, 100% used [0x00000007aae00000,0x00000007afeb0000,0x00000007afeb0000)
  from space 128K, 75% used [0x00000007b18b0000,0x00000007b18c8000,0x00000007b18d0000)
  to   space 448K, 0% used [0x00000007b1910000,0x00000007b1910000,0x00000007b1980000)
 ParOldGen       total 174336K, used 114791K [0x0000000700a00000, 0x000000070b440000, 0x00000007aae00000)
  object space 174336K, 65% used [0x0000000700a00000,0x0000000707a19f90,0x000000070b440000)
 PSPermGen       total 62720K, used 62557K [0x00000006fb800000, 0x00000006ff540000, 0x0000000700a00000)
  object space 62720K, 99% used [0x00000006fb800000,0x00000006ff517528,0x00000006ff540000)
Event: 6018.493 GC heap after
Heap after GC invocations=960 (full 0):
 PSYoungGen      total 80448K, used 96K [0x00000007aae00000, 0x00000007b1930000, 0x0000000800000000)
  eden space 80320K, 0% used [0x00000007aae00000,0x00000007aae00000,0x00000007afc70000)
  from space 128K, 75% used [0x00000007b1910000,0x00000007b1928000,0x00000007b1930000)
  to   space 448K, 0% used [0x00000007b1850000,0x00000007b1850000,0x00000007b18c0000)
 ParOldGen       total 174336K, used 114823K [0x0000000700a00000, 0x000000070b440000, 0x00000007aae00000)
  object space 174336K, 65% used [0x0000000700a00000,0x0000000707a21f90,0x000000070b440000)
 PSPermGen       total 62720K, used 62557K [0x00000006fb800000, 0x00000006ff540000, 0x0000000700a00000)
  object space 62720K, 99% used [0x00000006fb800000,0x00000006ff517528,0x00000006ff540000)
}
Event: 6018.664 GC heap before
{Heap before GC invocations=961 (full 0):
 PSYoungGen      total 80448K, used 80416K [0x00000007aae00000, 0x00000007b1930000, 0x0000000800000000)
  eden space 80320K, 100% used [0x00000007aae00000,0x00000007afc70000,0x00000007afc70000)
  from space 128K, 75% used [0x00000007b1910000,0x00000007b1928000,0x00000007b1930000)
  to   space 448K, 0% used [0x00000007b1850000,0x00000007b1850000,0x00000007b18c0000)
 ParOldGen       total 174336K, used 114823K [0x0000000700a00000, 0x000000070b440000, 0x00000007aae00000)
  object space 174336K, 65% used [0x0000000700a00000,0x0000000707a21f90,0x000000070b440000)
 PSPermGen       total 62720K, used 62557K [0x00000006fb800000, 0x00000006ff540000, 0x0000000700a00000)
  object space 62720K, 99% used [0x00000006fb800000,0x00000006ff517528,0x00000006ff540000)
Event: 6018.665 GC heap after
Heap after GC invocations=961 (full 0):
 PSYoungGen      total 78592K, used 96K [0x00000007aae00000, 0x00000007b1920000, 0x0000000800000000)
  eden space 78144K, 0% used [0x00000007aae00000,0x00000007aae00000,0x00000007afa50000)
  from space 448K, 21% used [0x00000007b1850000,0x00000007b1868000,0x00000007b18c0000)
  to   space 384K, 0% used [0x00000007b18c0000,0x00000007b18c0000,0x00000007b1920000)
 ParOldGen       total 174336K, used 114863K [0x0000000700a00000, 0x000000070b440000, 0x00000007aae00000)
  object space 174336K, 65% used [0x0000000700a00000,0x0000000707a2bf90,0x000000070b440000)
 PSPermGen       total 62720K, used 62557K [0x00000006fb800000, 0x00000006ff540000, 0x0000000700a00000)
  object space 62720K, 99% used [0x00000006fb800000,0x00000006ff517528,0x00000006ff540000)
}
Event: 6018.839 GC heap before
{Heap before GC invocations=962 (full 0):
 PSYoungGen      total 78592K, used 78240K [0x00000007aae00000, 0x00000007b1920000, 0x0000000800000000)
  eden space 78144K, 100% used [0x00000007aae00000,0x00000007afa50000,0x00000007afa50000)
  from space 448K, 21% used [0x00000007b1850000,0x00000007b1868000,0x00000007b18c0000)
  to   space 384K, 0% used [0x00000007b18c0000,0x00000007b18c0000,0x00000007b1920000)
 ParOldGen       total 174336K, used 114863K [0x0000000700a00000, 0x000000070b440000, 0x00000007aae00000)
  object space 174336K, 65% used [0x0000000700a00000,0x0000000707a2bf90,0x000000070b440000)
 PSPermGen       total 62720K, used 62557K [0x00000006fb800000, 0x00000006ff540000, 0x0000000700a00000)
  object space 62720K, 99% used [0x00000006fb800000,0x00000006ff517528,0x00000006ff540000)
Event: 6018.840 GC heap after
Heap after GC invocations=962 (full 0):
 PSYoungGen      total 76096K, used 64K [0x00000007aae00000, 0x00000007b18d0000, 0x0000000800000000)
  eden space 76032K, 0% used [0x00000007aae00000,0x00000007aae00000,0x00000007af840000)
  from space 64K, 100% used [0x00000007b18c0000,0x00000007b18d0000,0x00000007b18d0000)
  to   space 384K, 0% used [0x00000007b1810000,0x00000007b1810000,0x00000007b1870000)
 ParOldGen       total 174336K, used 114887K [0x0000000700a00000, 0x000000070b440000, 0x00000007aae00000)
  object space 174336K, 65% used [0x0000000700a00000,0x0000000707a31f90,0x000000070b440000)
 PSPermGen       total 62720K, used 62557K [0x00000006fb800000, 0x00000006ff540000, 0x0000000700a00000)
  object space 62720K, 99% used [0x00000006fb800000,0x00000006ff517528,0x00000006ff540000)
}

